\BOOKMARK [0][-]{chapter.1}{\376\377\000I\000n\000t\000r\000o\000d\000u\000c\000t\000i\000o\000n}{}% 1
\BOOKMARK [1][-]{section.1.1}{\376\377\000A\000u\000t\000h\000o\000r\000s}{chapter.1}% 2
\BOOKMARK [1][-]{section.1.2}{\376\377\000D\000o\000c\000u\000m\000e\000n\000t\000a\000t\000i\000o\000n}{chapter.1}% 3
\BOOKMARK [1][-]{section.1.3}{\376\377\000I\000n\000s\000t\000a\000l\000l\000a\000t\000i\000o\000n\000\040\000u\000s\000i\000n\000g\000\040\000p\000i\000p}{chapter.1}% 4
\BOOKMARK [1][-]{section.1.4}{\376\377\000E\000x\000a\000m\000p\000l\000e\000s}{chapter.1}% 5
\BOOKMARK [1][-]{section.1.5}{\376\377\000C\000o\000m\000m\000u\000n\000i\000t\000y}{chapter.1}% 6
\BOOKMARK [2][-]{subsection.1.5.1}{\376\377\000D\000e\000v\000e\000l\000o\000p\000m\000e\000n\000t\000\040\000V\000e\000r\000s\000i\000o\000n\000\040\000I\000n\000s\000t\000a\000l\000l\000a\000t\000i\000o\000n}{section.1.5}% 7
\BOOKMARK [2][-]{subsection.1.5.2}{\376\377\000C\000o\000n\000t\000r\000i\000b\000u\000t\000i\000n\000g\000\040\000G\000u\000i\000d\000e}{section.1.5}% 8
\BOOKMARK [2][-]{subsection.1.5.3}{\376\377\000C\000o\000d\000e\000\040\000o\000f\000\040\000C\000o\000n\000d\000u\000c\000t}{section.1.5}% 9
\BOOKMARK [2][-]{subsection.1.5.4}{\376\377\000L\000i\000c\000e\000n\000s\000e}{section.1.5}% 10
\BOOKMARK [1][-]{section.1.6}{\376\377\000F\000u\000n\000d\000i\000n\000g\000\040\000I\000n\000f\000o\000r\000m\000a\000t\000i\000o\000n}{chapter.1}% 11
\BOOKMARK [1][-]{section.1.7}{\376\377\000R\000e\000f\000e\000r\000e\000n\000c\000e\000s}{chapter.1}% 12
\BOOKMARK [2][-]{subsection.1.7.1}{\376\377\000G\000e\000t\000t\000i\000n\000g\000\040\000S\000t\000a\000r\000t\000e\000d}{section.1.7}% 13
\BOOKMARK [3][-]{subsubsection.1.7.1.1}{\376\377\000I\000n\000s\000t\000a\000l\000l\000a\000t\000i\000o\000n}{subsection.1.7.1}% 14
\BOOKMARK [4][-]{paragraph*.3}{\376\377\000W\000h\000i\000c\000h\000\040\000P\000y\000t\000h\000o\000n\000?}{subsubsection.1.7.1.1}% 15
\BOOKMARK [4][-]{paragraph*.4}{\376\377\000I\000n\000s\000t\000a\000l\000l\000\040\000u\000s\000i\000n\000g\000\040\000p\000i\000p}{subsubsection.1.7.1.1}% 16
\BOOKMARK [4][-]{paragraph*.5}{\376\377\000D\000e\000p\000e\000n\000d\000e\000n\000c\000i\000e\000s}{subsubsection.1.7.1.1}% 17
\BOOKMARK [4][-]{paragraph*.6}{\376\377\000T\000e\000s\000t\000i\000n\000g}{subsubsection.1.7.1.1}% 18
\BOOKMARK [2][-]{subsection.1.7.2}{\376\377\000A\000P\000I\000\040\000R\000e\000f\000e\000r\000e\000n\000c\000e}{section.1.7}% 19
\BOOKMARK [3][-]{subsubsection.1.7.2.1}{\376\377\000K\000e\000r\000n\000e\000l\000\040\000T\000e\000s\000t}{subsection.1.7.2}% 20
\BOOKMARK [4][-]{paragraph*.7}{\376\377\000K\000e\000r\000n\000e\000l\000T\000e\000s\000t}{subsubsection.1.7.2.1}% 21
\BOOKMARK [5][-]{subparagraph*.9}{\376\377\000P\000a\000r\000a\000m\000e\000t\000e\000r\000s}{paragraph*.7}% 22
\BOOKMARK [5][-]{subparagraph*.10}{\376\377\000A\000t\000t\000r\000i\000b\000u\000t\000e\000s}{paragraph*.7}% 23
\BOOKMARK [5][-]{subparagraph*.11}{\376\377\000R\000e\000f\000e\000r\000e\000n\000c\000e\000s}{paragraph*.7}% 24
\BOOKMARK [5][-]{subparagraph*.12}{\376\377\000E\000x\000a\000m\000p\000l\000e\000s}{paragraph*.7}% 25
\BOOKMARK [5][-]{subparagraph*.14}{\376\377\000R\000e\000t\000u\000r\000n\000s}{paragraph*.7}% 26
\BOOKMARK [5][-]{subparagraph*.16}{\376\377\000P\000a\000r\000a\000m\000e\000t\000e\000r\000s}{paragraph*.7}% 27
\BOOKMARK [5][-]{subparagraph*.17}{\376\377\000R\000e\000t\000u\000r\000n\000s}{paragraph*.7}% 28
\BOOKMARK [5][-]{subparagraph*.19}{\376\377\000P\000a\000r\000a\000m\000e\000t\000e\000r\000s}{paragraph*.7}% 29
\BOOKMARK [5][-]{subparagraph*.20}{\376\377\000R\000e\000t\000u\000r\000n\000s}{paragraph*.7}% 30
\BOOKMARK [4][-]{paragraph*.21}{\376\377\000s\000e\000l\000e\000c\000t\000\137\000h}{subsubsection.1.7.2.1}% 31
\BOOKMARK [5][-]{subparagraph*.23}{\376\377\000P\000a\000r\000a\000m\000e\000t\000e\000r\000s}{paragraph*.21}% 32
\BOOKMARK [5][-]{subparagraph*.24}{\376\377\000R\000e\000t\000u\000r\000n\000s}{paragraph*.21}% 33
\BOOKMARK [5][-]{subparagraph*.25}{\376\377\000R\000e\000f\000e\000r\000e\000n\000c\000e\000s}{paragraph*.21}% 34
\BOOKMARK [5][-]{subparagraph*.26}{\376\377\000E\000x\000a\000m\000p\000l\000e\000s}{paragraph*.21}% 35
\BOOKMARK [3][-]{subsubsection.1.7.2.2}{\376\377\000P\000o\000i\000s\000s\000o\000n\000\040\000K\000e\000r\000n\000e\000l\000\040\000T\000e\000s\000t}{subsection.1.7.2}% 36
\BOOKMARK [4][-]{paragraph*.27}{\376\377\000P\000o\000i\000s\000s\000o\000n\000K\000e\000r\000n\000e\000l\000T\000e\000s\000t}{subsubsection.1.7.2.2}% 37
\BOOKMARK [5][-]{subparagraph*.29}{\376\377\000P\000a\000r\000a\000m\000e\000t\000e\000r\000s}{paragraph*.27}% 38
\BOOKMARK [5][-]{subparagraph*.30}{\376\377\000A\000t\000t\000r\000i\000b\000u\000t\000e\000s}{paragraph*.27}% 39
\BOOKMARK [5][-]{subparagraph*.31}{\376\377\000R\000e\000f\000e\000r\000e\000n\000c\000e\000s}{paragraph*.27}% 40
\BOOKMARK [5][-]{subparagraph*.32}{\376\377\000E\000x\000a\000m\000p\000l\000e\000s}{paragraph*.27}% 41
\BOOKMARK [5][-]{subparagraph*.34}{\376\377\000R\000e\000t\000u\000r\000n\000s}{paragraph*.27}% 42
\BOOKMARK [5][-]{subparagraph*.36}{\376\377\000P\000a\000r\000a\000m\000e\000t\000e\000r\000s}{paragraph*.27}% 43
\BOOKMARK [5][-]{subparagraph*.37}{\376\377\000R\000e\000t\000u\000r\000n\000s}{paragraph*.27}% 44
\BOOKMARK [5][-]{subparagraph*.39}{\376\377\000P\000a\000r\000a\000m\000e\000t\000e\000r\000s}{paragraph*.27}% 45
\BOOKMARK [5][-]{subparagraph*.40}{\376\377\000R\000e\000t\000u\000r\000n\000s}{paragraph*.27}% 46
\BOOKMARK [3][-]{subsubsection.1.7.2.3}{\376\377\000S\000p\000h\000e\000r\000i\000c\000a\000l\000\040\000C\000l\000u\000s\000t\000e\000r\000i\000n\000g}{subsection.1.7.2}% 47
\BOOKMARK [4][-]{paragraph*.41}{\376\377\000P\000K\000B\000C}{subsubsection.1.7.2.3}% 48
\BOOKMARK [5][-]{subparagraph*.43}{\376\377\000P\000a\000r\000a\000m\000e\000t\000e\000r\000s}{paragraph*.41}% 49
\BOOKMARK [5][-]{subparagraph*.44}{\376\377\000A\000t\000t\000r\000i\000b\000u\000t\000e\000s}{paragraph*.41}% 50
\BOOKMARK [5][-]{subparagraph*.45}{\376\377\000R\000e\000f\000e\000r\000e\000n\000c\000e\000s}{paragraph*.41}% 51
\BOOKMARK [5][-]{subparagraph*.46}{\376\377\000E\000x\000a\000m\000p\000l\000e\000s}{paragraph*.41}% 52
\BOOKMARK [5][-]{subparagraph*.48}{\376\377\000P\000a\000r\000a\000m\000e\000t\000e\000r\000s}{paragraph*.41}% 53
\BOOKMARK [5][-]{subparagraph*.49}{\376\377\000R\000e\000t\000u\000r\000n\000s}{paragraph*.41}% 54
\BOOKMARK [5][-]{subparagraph*.51}{\376\377\000P\000a\000r\000a\000m\000e\000t\000e\000r\000s}{paragraph*.41}% 55
\BOOKMARK [5][-]{subparagraph*.52}{\376\377\000R\000e\000t\000u\000r\000n\000s}{paragraph*.41}% 56
\BOOKMARK [5][-]{subparagraph*.54}{\376\377\000R\000e\000t\000u\000r\000n\000s}{paragraph*.41}% 57
\BOOKMARK [5][-]{subparagraph*.56}{\376\377\000P\000a\000r\000a\000m\000e\000t\000e\000r\000s}{paragraph*.41}% 58
\BOOKMARK [5][-]{subparagraph*.57}{\376\377\000R\000e\000t\000u\000r\000n\000s}{paragraph*.41}% 59
\BOOKMARK [5][-]{subparagraph*.58}{\376\377\000R\000e\000f\000e\000r\000e\000n\000c\000e\000s}{paragraph*.41}% 60
\BOOKMARK [5][-]{subparagraph*.59}{\376\377\000N\000o\000t\000e\000s}{paragraph*.41}% 61
\BOOKMARK [5][-]{subparagraph*.60}{\376\377\000S\000e\000e\000\040\000a\000l\000s\000o}{paragraph*.41}% 62
\BOOKMARK [4][-]{paragraph*.61}{\376\377\000P\000K\000B\000D}{subsubsection.1.7.2.3}% 63
\BOOKMARK [5][-]{subparagraph*.64}{\376\377\000P\000a\000r\000a\000m\000e\000t\000e\000r\000s}{paragraph*.61}% 64
\BOOKMARK [5][-]{subparagraph*.65}{\376\377\000R\000e\000t\000u\000r\000n\000s}{paragraph*.61}% 65
\BOOKMARK [5][-]{subparagraph*.67}{\376\377\000P\000a\000r\000a\000m\000e\000t\000e\000r\000s}{paragraph*.61}% 66
\BOOKMARK [5][-]{subparagraph*.68}{\376\377\000R\000e\000t\000u\000r\000n\000s}{paragraph*.61}% 67
\BOOKMARK [5][-]{subparagraph*.69}{\376\377\000R\000e\000f\000e\000r\000e\000n\000c\000e\000s}{paragraph*.61}% 68
\BOOKMARK [5][-]{subparagraph*.70}{\376\377\000E\000x\000a\000m\000p\000l\000e\000s}{paragraph*.61}% 69
\BOOKMARK [3][-]{subsubsection.1.7.2.4}{\376\377\000U\000s\000e\000r\000\040\000I\000n\000t\000e\000r\000f\000a\000c\000e}{subsection.1.7.2}% 70
\BOOKMARK [4][-]{paragraph*.71}{\376\377\000U\000I}{subsubsection.1.7.2.4}% 71
\BOOKMARK [5][-]{subparagraph*.73}{\376\377\000E\000x\000a\000m\000p\000l\000e\000s}{paragraph*.71}% 72
\BOOKMARK [3][-]{subsubsection.1.7.2.5}{\376\377\000D\000a\000t\000a\000s\000e\000t\000s}{subsection.1.7.2}% 73
\BOOKMARK [4][-]{paragraph*.76}{\376\377\000l\000o\000a\000d\000\137\000w\000i\000r\000e\000l\000e\000s\000s\000\137\000d\000a\000t\000a}{subsubsection.1.7.2.5}% 74
\BOOKMARK [5][-]{subparagraph*.78}{\376\377\000P\000a\000r\000a\000m\000e\000t\000e\000r\000s}{paragraph*.76}% 75
\BOOKMARK [5][-]{subparagraph*.79}{\376\377\000R\000e\000t\000u\000r\000n\000s}{paragraph*.76}% 76
\BOOKMARK [5][-]{subparagraph*.80}{\376\377\000R\000e\000f\000e\000r\000e\000n\000c\000e\000s}{paragraph*.76}% 77
\BOOKMARK [5][-]{subparagraph*.81}{\376\377\000S\000o\000u\000r\000c\000e}{paragraph*.76}% 78
\BOOKMARK [5][-]{subparagraph*.82}{\376\377\000E\000x\000a\000m\000p\000l\000e\000s}{paragraph*.76}% 79
\BOOKMARK [3][-]{subsubsection.1.7.2.6}{\376\377\000T\000o\000o\000l\000s}{subsection.1.7.2}% 80
\BOOKMARK [4][-]{paragraph*.83}{\376\377\000s\000a\000m\000p\000l\000e\000\137\000h\000y\000p\000e\000r\000s\000p\000h\000e\000r\000e}{subsubsection.1.7.2.6}% 81
\BOOKMARK [5][-]{subparagraph*.85}{\376\377\000P\000a\000r\000a\000m\000e\000t\000e\000r\000s}{paragraph*.83}% 82
\BOOKMARK [5][-]{subparagraph*.86}{\376\377\000R\000e\000t\000u\000r\000n\000s}{paragraph*.83}% 83
\BOOKMARK [5][-]{subparagraph*.87}{\376\377\000E\000x\000a\000m\000p\000l\000e\000s}{paragraph*.83}% 84
\BOOKMARK [4][-]{paragraph*.88}{\376\377\000s\000t\000a\000t\000s}{subsubsection.1.7.2.6}% 85
\BOOKMARK [5][-]{subparagraph*.90}{\376\377\000P\000a\000r\000a\000m\000e\000t\000e\000r\000s}{paragraph*.88}% 86
\BOOKMARK [5][-]{subparagraph*.91}{\376\377\000R\000e\000t\000u\000r\000n\000s}{paragraph*.88}% 87
\BOOKMARK [5][-]{subparagraph*.92}{\376\377\000E\000x\000a\000m\000p\000l\000e\000s}{paragraph*.88}% 88
\BOOKMARK [4][-]{paragraph*.93}{\376\377\000q\000q\000\137\000p\000l\000o\000t}{subsubsection.1.7.2.6}% 89
\BOOKMARK [5][-]{subparagraph*.95}{\376\377\000P\000a\000r\000a\000m\000e\000t\000e\000r\000s}{paragraph*.93}% 90
\BOOKMARK [5][-]{subparagraph*.96}{\376\377\000R\000e\000t\000u\000r\000n\000s}{paragraph*.93}% 91
\BOOKMARK [5][-]{subparagraph*.97}{\376\377\000E\000x\000a\000m\000p\000l\000e\000s}{paragraph*.93}% 92
\BOOKMARK [4][-]{paragraph*.98}{\376\377\000s\000p\000h\000e\000r\000e\0003\000d}{subsubsection.1.7.2.6}% 93
\BOOKMARK [5][-]{subparagraph*.100}{\376\377\000P\000a\000r\000a\000m\000e\000t\000e\000r\000s}{paragraph*.98}% 94
\BOOKMARK [5][-]{subparagraph*.101}{\376\377\000R\000e\000t\000u\000r\000n\000s}{paragraph*.98}% 95
\BOOKMARK [5][-]{subparagraph*.102}{\376\377\000E\000x\000a\000m\000p\000l\000e\000s}{paragraph*.98}% 96
\BOOKMARK [4][-]{paragraph*.103}{\376\377\000p\000l\000o\000t\000\137\000c\000l\000u\000s\000t\000e\000r\000s\000\137\0002\000d}{subsubsection.1.7.2.6}% 97
\BOOKMARK [5][-]{subparagraph*.105}{\376\377\000P\000a\000r\000a\000m\000e\000t\000e\000r\000s}{paragraph*.103}% 98
\BOOKMARK [5][-]{subparagraph*.106}{\376\377\000R\000e\000t\000u\000r\000n\000s}{paragraph*.103}% 99
\BOOKMARK [5][-]{subparagraph*.107}{\376\377\000E\000x\000a\000m\000p\000l\000e\000s}{paragraph*.103}% 100
\BOOKMARK [2][-]{subsection.1.7.3}{\376\377\000U\000s\000e\000r\000\040\000G\000u\000i\000d\000e}{section.1.7}% 101
\BOOKMARK [3][-]{subsubsection.1.7.3.1}{\376\377\000D\000a\000t\000a\000s\000e\000t}{subsection.1.7.3}% 102
\BOOKMARK [4][-]{paragraph*.108}{\376\377\000W\000i\000r\000e\000l\000e\000s\000s\000\040\000I\000n\000d\000o\000o\000r\000\040\000L\000o\000c\000a\000l\000i\000z\000a\000t\000i\000o\000n\000\040\000D\000a\000t\000a\000s\000e\000t}{subsubsection.1.7.3.1}% 103
\BOOKMARK [5][-]{subparagraph*.109}{\376\377\000F\000o\000r\000m\000a\000t}{paragraph*.108}% 104
\BOOKMARK [5][-]{subparagraph*.110}{\376\377\000D\000e\000t\000a\000i\000l\000s}{paragraph*.108}% 105
\BOOKMARK [5][-]{subparagraph*.111}{\376\377\000S\000o\000u\000r\000c\000e}{paragraph*.108}% 106
\BOOKMARK [5][-]{subparagraph*.112}{\376\377\000R\000e\000f\000e\000r\000e\000n\000c\000e\000s}{paragraph*.108}% 107
\BOOKMARK [3][-]{subsubsection.1.7.3.2}{\376\377\000U\000s\000a\000g\000e\000\040\000E\000x\000a\000m\000p\000l\000e\000s}{subsection.1.7.3}% 108
\BOOKMARK [4][-]{paragraph*.113}{\376\377\000Q\000u\000a\000d\000r\000a\000t\000i\000K\000\040\000U\000s\000a\000g\000e\000\040\000E\000x\000a\000m\000p\000l\000e\000s}{subsubsection.1.7.3.2}% 109
\BOOKMARK [5][-]{subparagraph*.114}{\376\377\000N\000o\000r\000m\000a\000l\000i\000t\000y\000\040\000T\000e\000s\000t}{paragraph*.113}% 110
\BOOKMARK [5][-]{subparagraph*.115}{\376\377\000P\000a\000r\000a\000m\000e\000t\000r\000i\000c}{paragraph*.113}% 111
\BOOKMARK [5][-]{subparagraph*.116}{\376\377\000N\000o\000n\000-\000p\000a\000r\000a\000m\000e\000t\000r\000i\000c}{paragraph*.113}% 112
\BOOKMARK [5][-]{subparagraph*.117}{\376\377\000Q\000Q\000\040\000P\000l\000o\000t}{paragraph*.113}% 113
\BOOKMARK [5][-]{subparagraph*.118}{\376\377\000T\000w\000o\000\040\000S\000a\000m\000p\000l\000e\000\040\000T\000e\000s\000t}{paragraph*.113}% 114
\BOOKMARK [5][-]{subparagraph*.119}{\376\377\000K\000-\000S\000a\000m\000p\000l\000e\000\040\000T\000e\000s\000t}{paragraph*.113}% 115
\BOOKMARK [5][-]{subparagraph*.120}{\376\377\000P\000o\000i\000s\000s\000o\000n\000\040\000K\000e\000r\000n\000e\000l\000\040\000T\000e\000s\000t}{paragraph*.113}% 116
\BOOKMARK [5][-]{subparagraph*.121}{\376\377\000Q\000Q\000\040\000P\000l\000o\000t}{paragraph*.113}% 117
\BOOKMARK [5][-]{subparagraph*.122}{\376\377\000P\000o\000i\000s\000s\000o\000n\000\040\000K\000e\000r\000n\000e\000l\000\040\000b\000a\000s\000e\000d\000\040\000C\000l\000u\000s\000t\000e\000r\000i\000n\000g}{paragraph*.113}% 118
\BOOKMARK [5][-]{subparagraph*.123}{\376\377\000E\000l\000b\000o\000w\000\040\000P\000l\000o\000t\000\040\000u\000s\000i\000n\000g\000\040\000E\000u\000c\000l\000i\000d\000e\000a\000n\000\040\000D\000i\000s\000t\000a\000n\000c\000e\000\040\000a\000n\000d\000\040\000C\000o\000s\000i\000n\000e\000\040\000S\000i\000m\000i\000l\000a\000r\000i\000t\000y\000\040\000b\000a\000s\000e\000d\000\040\000W\000C\000S\000S}{paragraph*.113}% 119
\BOOKMARK [5][-]{subparagraph*.124}{\376\377\000D\000e\000n\000s\000i\000t\000y\000\040\000E\000s\000t\000i\000m\000a\000t\000i\000o\000n\000\040\000a\000n\000d\000\040\000S\000a\000m\000p\000l\000e\000\040\000G\000e\000n\000e\000r\000a\000t\000i\000o\000n\000\040\000f\000r\000o\000m\000\040\000P\000K\000B\000D}{paragraph*.113}% 120
\BOOKMARK [5][-]{subparagraph*.125}{\376\377\000T\000u\000n\000i\000n\000g\000\040\000P\000a\000r\000a\000m\000e\000t\000e\000r\000\040\000h\000\040\000s\000e\000l\000e\000c\000t\000i\000o\000n}{paragraph*.113}% 121
\BOOKMARK [2][-]{subsection.1.7.4}{\376\377\000D\000e\000v\000e\000l\000o\000p\000m\000e\000n\000t}{section.1.7}% 122
\BOOKMARK [3][-]{subsubsection.1.7.4.1}{\376\377\000C\000o\000d\000e\000\040\000o\000f\000\040\000C\000o\000n\000d\000u\000c\000t}{subsection.1.7.4}% 123
\BOOKMARK [4][-]{paragraph*.126}{\376\377\000C\000o\000n\000t\000r\000i\000b\000u\000t\000o\000r\000\040\000C\000o\000v\000e\000n\000a\000n\000t\000\040\000C\000o\000d\000e\000\040\000o\000f\000\040\000C\000o\000n\000d\000u\000c\000t}{subsubsection.1.7.4.1}% 124
\BOOKMARK [5][-]{subparagraph*.127}{\376\377\000O\000u\000r\000\040\000P\000l\000e\000d\000g\000e}{paragraph*.126}% 125
\BOOKMARK [5][-]{subparagraph*.128}{\376\377\000O\000u\000r\000\040\000S\000t\000a\000n\000d\000a\000r\000d\000s}{paragraph*.126}% 126
\BOOKMARK [5][-]{subparagraph*.129}{\376\377\000O\000u\000r\000\040\000R\000e\000s\000p\000o\000n\000s\000i\000b\000i\000l\000i\000t\000i\000e\000s}{paragraph*.126}% 127
\BOOKMARK [5][-]{subparagraph*.130}{\376\377\000S\000c\000o\000p\000e}{paragraph*.126}% 128
\BOOKMARK [5][-]{subparagraph*.131}{\376\377\000E\000n\000f\000o\000r\000c\000e\000m\000e\000n\000t}{paragraph*.126}% 129
\BOOKMARK [5][-]{subparagraph*.132}{\376\377\000A\000t\000t\000r\000i\000b\000u\000t\000i\000o\000n}{paragraph*.126}% 130
\BOOKMARK [3][-]{subsubsection.1.7.4.2}{\376\377\000C\000o\000n\000t\000r\000i\000b\000u\000t\000i\000n\000g\000\040\000G\000u\000i\000d\000e}{subsection.1.7.4}% 131
\BOOKMARK [4][-]{paragraph*.133}{\376\377\000C\000o\000n\000t\000r\000i\000b\000u\000t\000i\000n\000g\000\040\000t\000o\000\040\000Q\000u\000a\000d\000r\000a\000t\000i\000K}{subsubsection.1.7.4.2}% 132
\BOOKMARK [5][-]{subparagraph*.134}{\376\377\000C\000o\000d\000e\000\040\000o\000f\000\040\000c\000o\000n\000d\000u\000c\000t}{paragraph*.133}% 133
\BOOKMARK [5][-]{subparagraph*.135}{\376\377\000H\000o\000w\000\040\000y\000o\000u\000\040\000c\000a\000n\000\040\000c\000o\000n\000t\000r\000i\000b\000u\000t\000e}{paragraph*.133}% 134
\BOOKMARK [5][-]{subparagraph*.136}{\376\377\000S\000h\000a\000r\000e\000\040\000t\000h\000e\000\040\000l\000o\000v\000e\000\040\047\144\376\017}{paragraph*.133}% 135
\BOOKMARK [5][-]{subparagraph*.137}{\376\377\000A\000s\000k\000\040\000a\000\040\000q\000u\000e\000s\000t\000i\000o\000n\000\040\040\111\376\017}{paragraph*.133}% 136
\BOOKMARK [5][-]{subparagraph*.138}{\376\377\000P\000r\000o\000p\000o\000s\000e\000\040\000a\000n\000\040\000i\000d\000e\000a\000\040\330\075\334\241}{paragraph*.133}% 137
\BOOKMARK [5][-]{subparagraph*.139}{\376\377\000R\000e\000p\000o\000r\000t\000\040\000a\000\040\000b\000u\000g\000\040\330\075\334\033}{paragraph*.133}% 138
\BOOKMARK [5][-]{subparagraph*.140}{\376\377\000I\000m\000p\000r\000o\000v\000e\000\040\000t\000h\000e\000\040\000d\000o\000c\000u\000m\000e\000n\000t\000a\000t\000i\000o\000n\000\040\330\075\334\326}{paragraph*.133}% 139
\BOOKMARK [5][-]{subparagraph*.141}{\376\377\000A\000P\000I\000\040\000d\000o\000c\000u\000m\000e\000n\000t\000a\000t\000i\000o\000n}{paragraph*.133}% 140
\BOOKMARK [5][-]{subparagraph*.142}{\376\377\000C\000o\000n\000t\000r\000i\000b\000u\000t\000e\000\040\000c\000o\000d\000e\000\040\330\075\334\335}{paragraph*.133}% 141
\BOOKMARK [5][-]{subparagraph*.143}{\376\377\000D\000e\000v\000e\000l\000o\000p\000m\000e\000n\000t\000\040\000g\000u\000i\000d\000e\000l\000i\000n\000e\000s}{paragraph*.133}% 142
\BOOKMARK [5][-]{subparagraph*.144}{\376\377\000F\000u\000t\000u\000r\000e\000\040\000D\000e\000v\000e\000l\000o\000p\000m\000e\000n\000t\000s}{paragraph*.133}% 143
\BOOKMARK [2][-]{subsection.1.7.5}{\376\377\000C\000h\000a\000n\000g\000e\000l\000o\000g}{section.1.7}% 144
\BOOKMARK [3][-]{subsubsection.1.7.5.1}{\376\377\000Q\000u\000a\000d\000r\000a\000t\000i\000K\000\040\000V\000e\000r\000s\000i\000o\000n\000\040\0001\000.\0000\000.\0000}{subsection.1.7.5}% 145
\BOOKMARK [3][-]{subsubsection.1.7.5.2}{\376\377\000Q\000u\000a\000d\000r\000a\000t\000i\000K\000\040\000V\000e\000r\000s\000i\000o\000n\000\040\0001\000.\0000\000.\0001}{subsection.1.7.5}% 146
\BOOKMARK [0][-]{section*.145}{\376\377\000P\000y\000t\000h\000o\000n\000\040\000M\000o\000d\000u\000l\000e\000\040\000I\000n\000d\000e\000x}{}% 147
