\BOOKMARK [0][-]{chapter.1}{\376\377\000I\000n\000t\000r\000o\000d\000u\000c\000t\000i\000o\000n}{}% 1
\BOOKMARK [1][-]{section.1.1}{\376\377\000F\000u\000n\000d\000i\000n\000g\000\040\000I\000n\000f\000o\000r\000m\000a\000t\000i\000o\000n}{chapter.1}% 2
\BOOKMARK [1][-]{section.1.2}{\376\377\000A\000u\000t\000h\000o\000r\000s}{chapter.1}% 3
\BOOKMARK [1][-]{section.1.3}{\376\377\000R\000e\000f\000e\000r\000e\000n\000c\000e\000s}{chapter.1}% 4
\BOOKMARK [2][-]{subsection.1.3.1}{\376\377\000G\000e\000t\000t\000i\000n\000g\000\040\000S\000t\000a\000r\000t\000e\000d}{section.1.3}% 5
\BOOKMARK [3][-]{subsubsection.1.3.1.1}{\376\377\000I\000n\000s\000t\000a\000l\000l\000a\000t\000i\000o\000n}{subsection.1.3.1}% 6
\BOOKMARK [4][-]{paragraph*.3}{\376\377\000W\000h\000i\000c\000h\000\040\000P\000y\000t\000h\000o\000n\000?}{subsubsection.1.3.1.1}% 7
\BOOKMARK [4][-]{paragraph*.4}{\376\377\000I\000n\000s\000t\000a\000l\000l\000\040\000u\000s\000i\000n\000g\000\040\000p\000i\000p}{subsubsection.1.3.1.1}% 8
\BOOKMARK [4][-]{paragraph*.5}{\376\377\000D\000e\000p\000e\000n\000d\000e\000n\000c\000i\000e\000s}{subsubsection.1.3.1.1}% 9
\BOOKMARK [4][-]{paragraph*.6}{\376\377\000T\000e\000s\000t\000i\000n\000g}{subsubsection.1.3.1.1}% 10
\BOOKMARK [2][-]{subsection.1.3.2}{\376\377\000A\000P\000I\000\040\000R\000e\000f\000e\000r\000e\000n\000c\000e}{section.1.3}% 11
\BOOKMARK [3][-]{subsubsection.1.3.2.1}{\376\377\000K\000e\000r\000n\000e\000l\000\040\000T\000e\000s\000t}{subsection.1.3.2}% 12
\BOOKMARK [4][-]{paragraph*.7}{\376\377\000K\000e\000r\000n\000e\000l\000T\000e\000s\000t}{subsubsection.1.3.2.1}% 13
\BOOKMARK [5][-]{subparagraph*.9}{\376\377\000P\000a\000r\000a\000m\000e\000t\000e\000r\000s}{paragraph*.7}% 14
\BOOKMARK [5][-]{subparagraph*.10}{\376\377\000A\000t\000t\000r\000i\000b\000u\000t\000e\000s}{paragraph*.7}% 15
\BOOKMARK [5][-]{subparagraph*.11}{\376\377\000R\000e\000f\000e\000r\000e\000n\000c\000e\000s}{paragraph*.7}% 16
\BOOKMARK [5][-]{subparagraph*.12}{\376\377\000E\000x\000a\000m\000p\000l\000e\000s}{paragraph*.7}% 17
\BOOKMARK [5][-]{subparagraph*.14}{\376\377\000R\000e\000t\000u\000r\000n\000s}{paragraph*.7}% 18
\BOOKMARK [5][-]{subparagraph*.16}{\376\377\000P\000a\000r\000a\000m\000e\000t\000e\000r\000s}{paragraph*.7}% 19
\BOOKMARK [5][-]{subparagraph*.17}{\376\377\000R\000e\000t\000u\000r\000n\000s}{paragraph*.7}% 20
\BOOKMARK [5][-]{subparagraph*.19}{\376\377\000P\000a\000r\000a\000m\000e\000t\000e\000r\000s}{paragraph*.7}% 21
\BOOKMARK [5][-]{subparagraph*.20}{\376\377\000R\000e\000t\000u\000r\000n\000s}{paragraph*.7}% 22
\BOOKMARK [4][-]{paragraph*.21}{\376\377\000s\000e\000l\000e\000c\000t\000\137\000h}{subsubsection.1.3.2.1}% 23
\BOOKMARK [5][-]{subparagraph*.23}{\376\377\000P\000a\000r\000a\000m\000e\000t\000e\000r\000s}{paragraph*.21}% 24
\BOOKMARK [5][-]{subparagraph*.24}{\376\377\000R\000e\000t\000u\000r\000n\000s}{paragraph*.21}% 25
\BOOKMARK [5][-]{subparagraph*.25}{\376\377\000R\000e\000f\000e\000r\000e\000n\000c\000e\000s}{paragraph*.21}% 26
\BOOKMARK [5][-]{subparagraph*.26}{\376\377\000E\000x\000a\000m\000p\000l\000e\000s}{paragraph*.21}% 27
\BOOKMARK [3][-]{subsubsection.1.3.2.2}{\376\377\000P\000o\000i\000s\000s\000o\000n\000\040\000K\000e\000r\000n\000e\000l\000\040\000T\000e\000s\000t}{subsection.1.3.2}% 28
\BOOKMARK [4][-]{paragraph*.27}{\376\377\000P\000o\000i\000s\000s\000o\000n\000K\000e\000r\000n\000e\000l\000T\000e\000s\000t}{subsubsection.1.3.2.2}% 29
\BOOKMARK [5][-]{subparagraph*.29}{\376\377\000P\000a\000r\000a\000m\000e\000t\000e\000r\000s}{paragraph*.27}% 30
\BOOKMARK [5][-]{subparagraph*.30}{\376\377\000A\000t\000t\000r\000i\000b\000u\000t\000e\000s}{paragraph*.27}% 31
\BOOKMARK [5][-]{subparagraph*.31}{\376\377\000R\000e\000f\000e\000r\000e\000n\000c\000e\000s}{paragraph*.27}% 32
\BOOKMARK [5][-]{subparagraph*.32}{\376\377\000E\000x\000a\000m\000p\000l\000e\000s}{paragraph*.27}% 33
\BOOKMARK [5][-]{subparagraph*.34}{\376\377\000R\000e\000t\000u\000r\000n\000s}{paragraph*.27}% 34
\BOOKMARK [5][-]{subparagraph*.36}{\376\377\000P\000a\000r\000a\000m\000e\000t\000e\000r\000s}{paragraph*.27}% 35
\BOOKMARK [5][-]{subparagraph*.37}{\376\377\000R\000e\000t\000u\000r\000n\000s}{paragraph*.27}% 36
\BOOKMARK [5][-]{subparagraph*.39}{\376\377\000P\000a\000r\000a\000m\000e\000t\000e\000r\000s}{paragraph*.27}% 37
\BOOKMARK [5][-]{subparagraph*.40}{\376\377\000R\000e\000t\000u\000r\000n\000s}{paragraph*.27}% 38
\BOOKMARK [3][-]{subsubsection.1.3.2.3}{\376\377\000S\000p\000h\000e\000r\000i\000c\000a\000l\000\040\000C\000l\000u\000s\000t\000e\000r\000i\000n\000g}{subsection.1.3.2}% 39
\BOOKMARK [4][-]{paragraph*.41}{\376\377\000P\000K\000B\000C}{subsubsection.1.3.2.3}% 40
\BOOKMARK [5][-]{subparagraph*.43}{\376\377\000P\000a\000r\000a\000m\000e\000t\000e\000r\000s}{paragraph*.41}% 41
\BOOKMARK [5][-]{subparagraph*.44}{\376\377\000A\000t\000t\000r\000i\000b\000u\000t\000e\000s}{paragraph*.41}% 42
\BOOKMARK [5][-]{subparagraph*.45}{\376\377\000R\000e\000f\000e\000r\000e\000n\000c\000e\000s}{paragraph*.41}% 43
\BOOKMARK [5][-]{subparagraph*.46}{\376\377\000E\000x\000a\000m\000p\000l\000e\000s}{paragraph*.41}% 44
\BOOKMARK [5][-]{subparagraph*.48}{\376\377\000P\000a\000r\000a\000m\000e\000t\000e\000r\000s}{paragraph*.41}% 45
\BOOKMARK [5][-]{subparagraph*.49}{\376\377\000R\000e\000t\000u\000r\000n\000s}{paragraph*.41}% 46
\BOOKMARK [5][-]{subparagraph*.51}{\376\377\000R\000e\000t\000u\000r\000n\000s}{paragraph*.41}% 47
\BOOKMARK [5][-]{subparagraph*.53}{\376\377\000P\000a\000r\000a\000m\000e\000t\000e\000r\000s}{paragraph*.41}% 48
\BOOKMARK [5][-]{subparagraph*.54}{\376\377\000R\000e\000t\000u\000r\000n\000s}{paragraph*.41}% 49
\BOOKMARK [5][-]{subparagraph*.55}{\376\377\000R\000e\000f\000e\000r\000e\000n\000c\000e\000s}{paragraph*.41}% 50
\BOOKMARK [5][-]{subparagraph*.56}{\376\377\000N\000o\000t\000e\000s}{paragraph*.41}% 51
\BOOKMARK [5][-]{subparagraph*.57}{\376\377\000S\000e\000e\000\040\000a\000l\000s\000o}{paragraph*.41}% 52
\BOOKMARK [4][-]{paragraph*.58}{\376\377\000P\000K\000B\000D}{subsubsection.1.3.2.3}% 53
\BOOKMARK [5][-]{subparagraph*.61}{\376\377\000P\000a\000r\000a\000m\000e\000t\000e\000r\000s}{paragraph*.58}% 54
\BOOKMARK [5][-]{subparagraph*.62}{\376\377\000R\000e\000t\000u\000r\000n\000s}{paragraph*.58}% 55
\BOOKMARK [5][-]{subparagraph*.64}{\376\377\000P\000a\000r\000a\000m\000e\000t\000e\000r\000s}{paragraph*.58}% 56
\BOOKMARK [5][-]{subparagraph*.65}{\376\377\000R\000e\000t\000u\000r\000n\000s}{paragraph*.58}% 57
\BOOKMARK [5][-]{subparagraph*.66}{\376\377\000R\000e\000f\000e\000r\000e\000n\000c\000e\000s}{paragraph*.58}% 58
\BOOKMARK [5][-]{subparagraph*.67}{\376\377\000E\000x\000a\000m\000p\000l\000e\000s}{paragraph*.58}% 59
\BOOKMARK [3][-]{subsubsection.1.3.2.4}{\376\377\000U\000s\000e\000r\000\040\000I\000n\000t\000e\000r\000f\000a\000c\000e}{subsection.1.3.2}% 60
\BOOKMARK [4][-]{paragraph*.68}{\376\377\000U\000I}{subsubsection.1.3.2.4}% 61
\BOOKMARK [5][-]{subparagraph*.70}{\376\377\000E\000x\000a\000m\000p\000l\000e\000s}{paragraph*.68}% 62
\BOOKMARK [3][-]{subsubsection.1.3.2.5}{\376\377\000D\000a\000t\000a\000s\000e\000t\000s}{subsection.1.3.2}% 63
\BOOKMARK [4][-]{paragraph*.73}{\376\377\000l\000o\000a\000d\000\137\000w\000i\000r\000e\000l\000e\000s\000s\000\137\000d\000a\000t\000a}{subsubsection.1.3.2.5}% 64
\BOOKMARK [5][-]{subparagraph*.75}{\376\377\000P\000a\000r\000a\000m\000e\000t\000e\000r\000s}{paragraph*.73}% 65
\BOOKMARK [5][-]{subparagraph*.76}{\376\377\000R\000e\000t\000u\000r\000n\000s}{paragraph*.73}% 66
\BOOKMARK [5][-]{subparagraph*.77}{\376\377\000R\000e\000f\000e\000r\000e\000n\000c\000e\000s}{paragraph*.73}% 67
\BOOKMARK [5][-]{subparagraph*.78}{\376\377\000S\000o\000u\000r\000c\000e}{paragraph*.73}% 68
\BOOKMARK [5][-]{subparagraph*.79}{\376\377\000E\000x\000a\000m\000p\000l\000e\000s}{paragraph*.73}% 69
\BOOKMARK [3][-]{subsubsection.1.3.2.6}{\376\377\000T\000o\000o\000l\000s}{subsection.1.3.2}% 70
\BOOKMARK [4][-]{paragraph*.80}{\376\377\000s\000a\000m\000p\000l\000e\000\137\000h\000y\000p\000e\000r\000s\000p\000h\000e\000r\000e}{subsubsection.1.3.2.6}% 71
\BOOKMARK [5][-]{subparagraph*.82}{\376\377\000P\000a\000r\000a\000m\000e\000t\000e\000r\000s}{paragraph*.80}% 72
\BOOKMARK [5][-]{subparagraph*.83}{\376\377\000R\000e\000t\000u\000r\000n\000s}{paragraph*.80}% 73
\BOOKMARK [5][-]{subparagraph*.84}{\376\377\000E\000x\000a\000m\000p\000l\000e\000s}{paragraph*.80}% 74
\BOOKMARK [4][-]{paragraph*.85}{\376\377\000s\000t\000a\000t\000s}{subsubsection.1.3.2.6}% 75
\BOOKMARK [5][-]{subparagraph*.87}{\376\377\000P\000a\000r\000a\000m\000e\000t\000e\000r\000s}{paragraph*.85}% 76
\BOOKMARK [5][-]{subparagraph*.88}{\376\377\000R\000e\000t\000u\000r\000n\000s}{paragraph*.85}% 77
\BOOKMARK [5][-]{subparagraph*.89}{\376\377\000E\000x\000a\000m\000p\000l\000e\000s}{paragraph*.85}% 78
\BOOKMARK [4][-]{paragraph*.90}{\376\377\000q\000q\000\137\000p\000l\000o\000t}{subsubsection.1.3.2.6}% 79
\BOOKMARK [5][-]{subparagraph*.92}{\376\377\000P\000a\000r\000a\000m\000e\000t\000e\000r\000s}{paragraph*.90}% 80
\BOOKMARK [5][-]{subparagraph*.93}{\376\377\000R\000e\000t\000u\000r\000n\000s}{paragraph*.90}% 81
\BOOKMARK [5][-]{subparagraph*.94}{\376\377\000E\000x\000a\000m\000p\000l\000e\000s}{paragraph*.90}% 82
\BOOKMARK [4][-]{paragraph*.95}{\376\377\000s\000p\000h\000e\000r\000e\0003\000d}{subsubsection.1.3.2.6}% 83
\BOOKMARK [5][-]{subparagraph*.97}{\376\377\000P\000a\000r\000a\000m\000e\000t\000e\000r\000s}{paragraph*.95}% 84
\BOOKMARK [5][-]{subparagraph*.98}{\376\377\000R\000e\000t\000u\000r\000n\000s}{paragraph*.95}% 85
\BOOKMARK [5][-]{subparagraph*.99}{\376\377\000E\000x\000a\000m\000p\000l\000e\000s}{paragraph*.95}% 86
\BOOKMARK [4][-]{paragraph*.100}{\376\377\000p\000l\000o\000t\000\137\000c\000l\000u\000s\000t\000e\000r\000s\000\137\0002\000d}{subsubsection.1.3.2.6}% 87
\BOOKMARK [5][-]{subparagraph*.102}{\376\377\000P\000a\000r\000a\000m\000e\000t\000e\000r\000s}{paragraph*.100}% 88
\BOOKMARK [5][-]{subparagraph*.103}{\376\377\000R\000e\000t\000u\000r\000n\000s}{paragraph*.100}% 89
\BOOKMARK [5][-]{subparagraph*.104}{\376\377\000E\000x\000a\000m\000p\000l\000e\000s}{paragraph*.100}% 90
\BOOKMARK [2][-]{subsection.1.3.3}{\376\377\000U\000s\000e\000r\000\040\000G\000u\000i\000d\000e}{section.1.3}% 91
\BOOKMARK [3][-]{subsubsection.1.3.3.1}{\376\377\000D\000a\000t\000a\000s\000e\000t}{subsection.1.3.3}% 92
\BOOKMARK [4][-]{paragraph*.105}{\376\377\000W\000i\000r\000e\000l\000e\000s\000s\000\040\000I\000n\000d\000o\000o\000r\000\040\000L\000o\000c\000a\000l\000i\000z\000a\000t\000i\000o\000n\000\040\000D\000a\000t\000a\000s\000e\000t}{subsubsection.1.3.3.1}% 93
\BOOKMARK [5][-]{subparagraph*.106}{\376\377\000F\000o\000r\000m\000a\000t}{paragraph*.105}% 94
\BOOKMARK [5][-]{subparagraph*.107}{\376\377\000D\000e\000t\000a\000i\000l\000s}{paragraph*.105}% 95
\BOOKMARK [5][-]{subparagraph*.108}{\376\377\000S\000o\000u\000r\000c\000e}{paragraph*.105}% 96
\BOOKMARK [5][-]{subparagraph*.109}{\376\377\000R\000e\000f\000e\000r\000e\000n\000c\000e\000s}{paragraph*.105}% 97
\BOOKMARK [3][-]{subsubsection.1.3.3.2}{\376\377\000U\000s\000a\000g\000e\000\040\000E\000x\000a\000m\000p\000l\000e\000s}{subsection.1.3.3}% 98
\BOOKMARK [4][-]{paragraph*.110}{\376\377\000Q\000u\000a\000d\000r\000a\000t\000i\000K\000\040\000U\000s\000a\000g\000e\000\040\000E\000x\000a\000m\000p\000l\000e\000s}{subsubsection.1.3.3.2}% 99
\BOOKMARK [5][-]{subparagraph*.111}{\376\377\000N\000o\000r\000m\000a\000l\000i\000t\000y\000\040\000T\000e\000s\000t}{paragraph*.110}% 100
\BOOKMARK [5][-]{subparagraph*.112}{\376\377\000P\000a\000r\000a\000m\000e\000t\000r\000i\000c}{paragraph*.110}% 101
\BOOKMARK [5][-]{subparagraph*.113}{\376\377\000N\000o\000n\000-\000p\000a\000r\000a\000m\000e\000t\000r\000i\000c}{paragraph*.110}% 102
\BOOKMARK [5][-]{subparagraph*.114}{\376\377\000Q\000Q\000\040\000P\000l\000o\000t}{paragraph*.110}% 103
\BOOKMARK [5][-]{subparagraph*.115}{\376\377\000T\000w\000o\000\040\000S\000a\000m\000p\000l\000e\000\040\000T\000e\000s\000t}{paragraph*.110}% 104
\BOOKMARK [5][-]{subparagraph*.116}{\376\377\000K\000-\000S\000a\000m\000p\000l\000e\000\040\000T\000e\000s\000t}{paragraph*.110}% 105
\BOOKMARK [5][-]{subparagraph*.117}{\376\377\000P\000o\000i\000s\000s\000o\000n\000\040\000K\000e\000r\000n\000e\000l\000\040\000T\000e\000s\000t}{paragraph*.110}% 106
\BOOKMARK [5][-]{subparagraph*.118}{\376\377\000Q\000Q\000\040\000P\000l\000o\000t}{paragraph*.110}% 107
\BOOKMARK [5][-]{subparagraph*.119}{\376\377\000P\000o\000i\000s\000s\000o\000n\000\040\000K\000e\000r\000n\000e\000l\000\040\000b\000a\000s\000e\000d\000\040\000C\000l\000u\000s\000t\000e\000r\000i\000n\000g}{paragraph*.110}% 108
\BOOKMARK [5][-]{subparagraph*.120}{\376\377\000E\000l\000b\000o\000w\000\040\000P\000l\000o\000t\000\040\000u\000s\000i\000n\000g\000\040\000E\000u\000c\000l\000i\000d\000e\000a\000n\000\040\000D\000i\000s\000t\000a\000n\000c\000e\000\040\000a\000n\000d\000\040\000C\000o\000s\000i\000n\000e\000\040\000S\000i\000m\000i\000l\000a\000r\000i\000t\000y\000\040\000b\000a\000s\000e\000d\000\040\000W\000C\000S\000S}{paragraph*.110}% 109
\BOOKMARK [5][-]{subparagraph*.121}{\376\377\000D\000e\000n\000s\000i\000t\000y\000\040\000E\000s\000t\000i\000m\000a\000t\000i\000o\000n\000\040\000a\000n\000d\000\040\000S\000a\000m\000p\000l\000e\000\040\000G\000e\000n\000e\000r\000a\000t\000i\000o\000n\000\040\000f\000r\000o\000m\000\040\000P\000K\000B\000D}{paragraph*.110}% 110
\BOOKMARK [5][-]{subparagraph*.122}{\376\377\000T\000u\000n\000i\000n\000g\000\040\000P\000a\000r\000a\000m\000e\000t\000e\000r\000\040\000h\000\040\000s\000e\000l\000e\000c\000t\000i\000o\000n}{paragraph*.110}% 111
\BOOKMARK [2][-]{subsection.1.3.4}{\376\377\000D\000e\000v\000e\000l\000o\000p\000m\000e\000n\000t}{section.1.3}% 112
\BOOKMARK [0][-]{section*.123}{\376\377\000P\000y\000t\000h\000o\000n\000\040\000M\000o\000d\000u\000l\000e\000\040\000I\000n\000d\000e\000x}{}% 113
